car/app/app-samples/showcase/common/build/intermediates/manifest_merge_blame_file/debug/processDebugManifest/manifest-merger-blame-debug-report.txt
1<?xml version="1.0" encoding="utf-8"?>
2<!--
3 Copyright (C) 2021 The Android Open Source Project
4
5 Licensed under the Apache License, Version 2.0 (the "License");
6 you may not use this file except in compliance with the License.
7 You may obtain a copy of the License at
8
9      http://www.apache.org/licenses/LICENSE-2.0
10
11 Unless required by applicable law or agreed to in writing, software
12 distributed under the License is distributed on an "AS IS" BASIS,
13 WITHOUT WARRANTIES OR CONDITIONS OF ANY KIND, either express or implied.
14 See the License for the specific language governing permissions and
15 limitations under the License.
16-->
17<manifest xmlns:android="http://schemas.android.com/apk/res/android"
18    package="androidx.car.app.sample.showcase.common" >
19
20    <uses-sdk android:minSdkVersion="23" />
21
22    <permission-group
22-->src/main/AndroidManifest.xml:20:5-22:64
23        android:name="android.permission-group.SHOWCASE"
23-->src/main/AndroidManifest.xml:20:23-71
24        android:description="@string/perm_group_description"
24-->src/main/AndroidManifest.xml:22:9-61
25        android:label="@string/perm_group" />
25-->src/main/AndroidManifest.xml:21:9-43
26
27    <uses-permission
27-->src/main/AndroidManifest.xml:24:5-27:65
28        android:name="android.permission.ACCESS_FINE_LOCATION"
28-->src/main/AndroidManifest.xml:24:22-76
29        android:description="@string/perm_fine_location_desc"
29-->src/main/AndroidManifest.xml:27:9-62
30        android:label="@string/perm_fine_location"
30-->src/main/AndroidManifest.xml:26:9-51
31        android:permissionGroup="android.permission-group.SHOWCASE" />
31-->src/main/AndroidManifest.xml:25:9-68
32    <uses-permission
32-->src/main/AndroidManifest.xml:29:5-32:67
33        android:name="android.permission.ACCESS_COARSE_LOCATION"
33-->src/main/AndroidManifest.xml:29:22-78
34        android:description="@string/perm_coarse_location_desc"
34-->src/main/AndroidManifest.xml:32:9-64
35        android:label="@string/perm_coarse_location"
35-->src/main/AndroidManifest.xml:31:9-53
36        android:permissionGroup="android.permission-group.SHOWCASE" />
36-->src/main/AndroidManifest.xml:30:9-68
37    <uses-permission
37-->src/main/AndroidManifest.xml:34:5-37:64
38        android:name="android.permission.RECORD_AUDIO"
38-->src/main/AndroidManifest.xml:34:22-68
39        android:description="@string/perm_record_audio_desc"
39-->src/main/AndroidManifest.xml:37:9-61
40        android:label="@string/perm_record_audio"
40-->src/main/AndroidManifest.xml:36:9-50
41        android:permissionGroup="android.permission-group.SHOWCASE" />
41-->src/main/AndroidManifest.xml:35:9-68
42
43    <application android:supportsRtl="true" >
43-->src/main/AndroidManifest.xml:39:5-42:19
43-->src/main/AndroidManifest.xml:40:9-35
44        <activity android:name="androidx.car.app.sample.showcase.common.screens.templatelayouts.SignInWithGoogleActivity" />
44-->src/main/AndroidManifest.xml:41:9-86
44-->src/main/AndroidManifest.xml:41:19-83
45    </application>
46
47</manifest>